# JRE version: OpenJDK Runtime Environment (21.0.8) (build 21.0.8+-14196175-b1038.72)
# Java VM: OpenJDK 64-Bit Server VM (21.0.8+-14196175-b1038.72, mixed mode, tiered, compressed oops, compressed class ptrs, g1 gc, windows-amd64)
GC Precious Log:
 CardTable entry size: 512
 Card Set container configuration: InlinePtr #cards 5 size 8 Array Of Cards #cards 12 size 40 Howl #buckets 4 coarsen threshold 1843 Howl Bitmap #cards 512 size 80 coarsen threshold 460 Card regions per heap region 1 cards per card region 2048
 CPUs: 4 total, 4 available
 Memory: 20174M
 Large Page Support: Disabled
 NUMA Support: Disabled
 Compressed Oops: Enabled (32-bit)
 Heap Region Size: 1M
 Heap Min Capacity: 8M
 Heap Initial Capacity: 316M
 Heap Max Capacity: 2G
 Pre-touch: Disabled
 Parallel Workers: 4
 Concurrent Workers: 1
 Concurrent Refinement Workers: 4
 Periodic GC: Disabled
Heap:
 garbage-first heap   total 201728K, used 164864K [0x0000000080000000, 0x0000000100000000)
  region size 1024K, 92 young (94208K), 14 survivors (14336K)
 Metaspace       used 59822K, committed 61312K, reserved 1114112K
  class space    used 8435K, committed 9152K, reserved 1048576K
GC Heap History (20 events):
Event: 3.197 GC heap before
{Heap before GC invocations=4 (full 0):
 garbage-first heap   total 68608K, used 48257K [0x0000000080000000, 0x0000000100000000)
  region size 1024K, 40 young (40960K), 12 survivors (12288K)
 Metaspace       used 26363K, committed 26816K, reserved 1114112K
  class space    used 3309K, committed 3520K, reserved 1048576K
}
Event: 3.208 GC heap after
{Heap after GC invocations=5 (full 0):
 garbage-first heap   total 68608K, used 21966K [0x0000000080000000, 0x0000000100000000)
  region size 1024K, 2 young (2048K), 2 survivors (2048K)
 Metaspace       used 26363K, committed 26816K, reserved 1114112K
  class space    used 3309K, committed 3520K, reserved 1048576K
}
Event: 3.686 GC heap before
{Heap before GC invocations=5 (full 0):
 garbage-first heap   total 68608K, used 52686K [0x0000000080000000, 0x0000000100000000)
  region size 1024K, 33 young (33792K), 2 survivors (2048K)
 Metaspace       used 30791K, committed 31360K, reserved 1114112K
  class space    used 4119K, committed 4416K, reserved 1048576K
}
Event: 3.690 GC heap after
{Heap after GC invocations=6 (full 0):
 garbage-first heap   total 68608K, used 24519K [0x0000000080000000, 0x0000000100000000)
  region size 1024K, 4 young (4096K), 4 survivors (4096K)
 Metaspace       used 30791K, committed 31360K, reserved 1114112K
  class space    used 4119K, committed 4416K, reserved 1048576K
}
Event: 4.096 GC heap before
{Heap before GC invocations=6 (full 0):
 garbage-first heap   total 68608K, used 55239K [0x0000000080000000, 0x0000000100000000)
  region size 1024K, 35 young (35840K), 4 survivors (4096K)
 Metaspace       used 35121K, committed 35968K, reserved 1114112K
  class space    used 4873K, committed 5248K, reserved 1048576K
}
Event: 4.101 GC heap after
{Heap after GC invocations=7 (full 0):
 garbage-first heap   total 68608K, used 26671K [0x0000000080000000, 0x0000000100000000)
  region size 1024K, 5 young (5120K), 5 survivors (5120K)
 Metaspace       used 35121K, committed 35968K, reserved 1114112K
  class space    used 4873K, committed 5248K, reserved 1048576K
}
Event: 4.107 GC heap before
{Heap before GC invocations=7 (full 0):
 garbage-first heap   total 68608K, used 26671K [0x0000000080000000, 0x0000000100000000)
  region size 1024K, 6 young (6144K), 5 survivors (5120K)
 Metaspace       used 35173K, committed 35968K, reserved 1114112K
  class space    used 4882K, committed 5248K, reserved 1048576K
}
Event: 4.112 GC heap after
{Heap after GC invocations=8 (full 0):
 garbage-first heap   total 68608K, used 27196K [0x0000000080000000, 0x0000000100000000)
  region size 1024K, 3 young (3072K), 3 survivors (3072K)
 Metaspace       used 35173K, committed 35968K, reserved 1114112K
  class space    used 4882K, committed 5248K, reserved 1048576K
}
Event: 5.385 GC heap before
{Heap before GC invocations=9 (full 0):
 garbage-first heap   total 68608K, used 67132K [0x0000000080000000, 0x0000000100000000)
  region size 1024K, 20 young (20480K), 3 survivors (3072K)
 Metaspace       used 36743K, committed 37568K, reserved 1114112K
  class space    used 5163K, committed 5568K, reserved 1048576K
}
Event: 5.390 GC heap after
{Heap after GC invocations=10 (full 0):
 garbage-first heap   total 75776K, used 55149K [0x0000000080000000, 0x0000000100000000)
  region size 1024K, 5 young (5120K), 5 survivors (5120K)
 Metaspace       used 36743K, committed 37568K, reserved 1114112K
  class space    used 5163K, committed 5568K, reserved 1048576K
}
Event: 5.552 GC heap before
{Heap before GC invocations=10 (full 0):
 garbage-first heap   total 75776K, used 70509K [0x0000000080000000, 0x0000000100000000)
  region size 1024K, 15 young (15360K), 5 survivors (5120K)
 Metaspace       used 38015K, committed 38912K, reserved 1114112K
  class space    used 5342K, committed 5760K, reserved 1048576K
}
Event: 5.556 GC heap after
{Heap after GC invocations=11 (full 0):
 garbage-first heap   total 78848K, used 61437K [0x0000000080000000, 0x0000000100000000)
  region size 1024K, 2 young (2048K), 2 survivors (2048K)
 Metaspace       used 38015K, committed 38912K, reserved 1114112K
  class space    used 5342K, committed 5760K, reserved 1048576K
}
Event: 5.666 GC heap before
{Heap before GC invocations=11 (full 0):
 garbage-first heap   total 78848K, used 70653K [0x0000000080000000, 0x0000000100000000)
  region size 1024K, 11 young (11264K), 2 survivors (2048K)
 Metaspace       used 39147K, committed 40000K, reserved 1114112K
  class space    used 5511K, committed 5888K, reserved 1048576K
}
Event: 5.668 GC heap after
{Heap after GC invocations=12 (full 0):
 garbage-first heap   total 201728K, used 61860K [0x0000000080000000, 0x0000000100000000)
  region size 1024K, 1 young (1024K), 1 survivors (1024K)
 Metaspace       used 39147K, committed 40000K, reserved 1114112K
  class space    used 5511K, committed 5888K, reserved 1048576K
}
Event: 7.159 GC heap before
{Heap before GC invocations=13 (full 0):
 garbage-first heap   total 201728K, used 184740K [0x0000000080000000, 0x0000000100000000)
  region size 1024K, 117 young (119808K), 1 survivors (1024K)
 Metaspace       used 54494K, committed 55936K, reserved 1114112K
  class space    used 7571K, committed 8256K, reserved 1048576K
}
Event: 7.172 GC heap after
{Heap after GC invocations=14 (full 0):
 garbage-first heap   total 201728K, used 71112K [0x0000000080000000, 0x0000000100000000)
  region size 1024K, 10 young (10240K), 10 survivors (10240K)
 Metaspace       used 54494K, committed 55936K, reserved 1114112K
  class space    used 7571K, committed 8256K, reserved 1048576K
}
Event: 7.764 GC heap before
{Heap before GC invocations=14 (full 0):
 garbage-first heap   total 201728K, used 174536K [0x0000000080000000, 0x0000000100000000)
  region size 1024K, 111 young (113664K), 10 survivors (10240K)
 Metaspace       used 58151K, committed 59520K, reserved 1114112K
  class space    used 8240K, committed 8896K, reserved 1048576K
}
Event: 7.778 GC heap after
{Heap after GC invocations=15 (full 0):
 garbage-first heap   total 201728K, used 75627K [0x0000000080000000, 0x0000000100000000)
  region size 1024K, 5 young (5120K), 5 survivors (5120K)
 Metaspace       used 58151K, committed 59520K, reserved 1114112K
  class space    used 8240K, committed 8896K, reserved 1048576K
}
Event: 8.283 GC heap before
{Heap before GC invocations=15 (full 0):
 garbage-first heap   total 201728K, used 179051K [0x0000000080000000, 0x0000000100000000)
  region size 1024K, 106 young (108544K), 5 survivors (5120K)
 Metaspace       used 58410K, committed 59904K, reserved 1114112K
  class space    used 8273K, committed 9024K, reserved 1048576K
}
Event: 8.297 GC heap after
{Heap after GC invocations=16 (full 0):
 garbage-first heap   total 201728K, used 87040K [0x0000000080000000, 0x0000000100000000)
  region size 1024K, 14 young (14336K), 14 survivors (14336K)
 Metaspace       used 58410K, committed 59904K, reserved 1114112K
  class space    used 8273K, committed 9024K, reserved 1048576K
}

