# JRE version: OpenJDK Runtime Environment Temurin-21.0.10+7 (21.0.10+7) (build 21.0.10+7-LTS)
# Java VM: OpenJDK 64-Bit Server VM Temurin-21.0.10+7 (21.0.10+7-LTS, mixed mode, sharing, tiered, compressed oops, compressed class ptrs, g1 gc, windows-amd64)
GC Precious Log:
 CardTable entry size: 512
 Card Set container configuration: InlinePtr #cards 5 size 8 Array Of Cards #cards 12 size 40 Howl #buckets 4 coarsen threshold 1843 Howl Bitmap #cards 512 size 80 coarsen threshold 460 Card regions per heap region 1 cards per card region 2048
 CPUs: 4 total, 4 available
 Memory: 20174M
 Large Page Support: Disabled
 NUMA Support: Disabled
 Compressed Oops: Enabled (32-bit)
 Heap Region Size: 1M
 Heap Min Capacity: 8M
 Heap Initial Capacity: 316M
 Heap Max Capacity: 2G
 Pre-touch: Disabled
 Parallel Workers: 4
 Concurrent Workers: 1
 Concurrent Refinement Workers: 4
 Periodic GC: Disabled
Heap:
 garbage-first heap   total 188416K, used 134093K [0x0000000080000000, 0x0000000100000000)
  region size 1024K, 23 young (23552K), 5 survivors (5120K)
 Metaspace       used 109739K, committed 112000K, reserved 1179648K
  class space    used 15065K, committed 16192K, reserved 1048576K
GC Heap History (20 events):
Event: 19.170 GC heap before
{Heap before GC invocations=27 (full 0):
 garbage-first heap   total 147456K, used 133212K [0x0000000080000000, 0x0000000100000000)
  region size 1024K, 46 young (47104K), 3 survivors (3072K)
 Metaspace       used 78887K, committed 80896K, reserved 1179648K
  class space    used 11045K, committed 12032K, reserved 1048576K
}
Event: 19.178 GC heap after
{Heap after GC invocations=28 (full 0):
 garbage-first heap   total 147456K, used 92717K [0x0000000080000000, 0x0000000100000000)
  region size 1024K, 6 young (6144K), 6 survivors (6144K)
 Metaspace       used 78887K, committed 80896K, reserved 1179648K
  class space    used 11045K, committed 12032K, reserved 1048576K
}
Event: 20.005 GC heap before
{Heap before GC invocations=28 (full 0):
 garbage-first heap   total 147456K, used 133677K [0x0000000080000000, 0x0000000100000000)
  region size 1024K, 47 young (48128K), 6 survivors (6144K)
 Metaspace       used 81013K, committed 83008K, reserved 1179648K
  class space    used 11310K, committed 12288K, reserved 1048576K
}
Event: 20.011 GC heap after
{Heap after GC invocations=29 (full 0):
 garbage-first heap   total 147456K, used 95200K [0x0000000080000000, 0x0000000100000000)
  region size 1024K, 4 young (4096K), 4 survivors (4096K)
 Metaspace       used 81013K, committed 83008K, reserved 1179648K
  class space    used 11310K, committed 12288K, reserved 1048576K
}
Event: 20.808 GC heap before
{Heap before GC invocations=30 (full 0):
 garbage-first heap   total 160768K, used 136160K [0x0000000080000000, 0x0000000100000000)
  region size 1024K, 43 young (44032K), 4 survivors (4096K)
 Metaspace       used 83902K, committed 86080K, reserved 1179648K
  class space    used 11719K, committed 12800K, reserved 1048576K
}
Event: 20.814 GC heap after
{Heap after GC invocations=31 (full 0):
 garbage-first heap   total 160768K, used 97820K [0x0000000080000000, 0x0000000100000000)
  region size 1024K, 3 young (3072K), 3 survivors (3072K)
 Metaspace       used 83902K, committed 86080K, reserved 1179648K
  class space    used 11719K, committed 12800K, reserved 1048576K
}
Event: 21.888 GC heap before
{Heap before GC invocations=31 (full 0):
 garbage-first heap   total 160768K, used 145948K [0x0000000080000000, 0x0000000100000000)
  region size 1024K, 50 young (51200K), 3 survivors (3072K)
 Metaspace       used 87875K, committed 89984K, reserved 1179648K
  class space    used 12438K, committed 13504K, reserved 1048576K
}
Event: 21.892 GC heap after
{Heap after GC invocations=32 (full 0):
 garbage-first heap   total 160768K, used 96684K [0x0000000080000000, 0x0000000100000000)
  region size 1024K, 4 young (4096K), 4 survivors (4096K)
 Metaspace       used 87875K, committed 89984K, reserved 1179648K
  class space    used 12438K, committed 13504K, reserved 1048576K
}
Event: 22.915 GC heap before
{Heap before GC invocations=32 (full 0):
 garbage-first heap   total 160768K, used 145836K [0x0000000080000000, 0x0000000100000000)
  region size 1024K, 52 young (53248K), 4 survivors (4096K)
 Metaspace       used 91214K, committed 93440K, reserved 1179648K
  class space    used 12914K, committed 14016K, reserved 1048576K
}
Event: 22.921 GC heap after
{Heap after GC invocations=33 (full 0):
 garbage-first heap   total 160768K, used 99309K [0x0000000080000000, 0x0000000100000000)
  region size 1024K, 6 young (6144K), 6 survivors (6144K)
 Metaspace       used 91214K, committed 93440K, reserved 1179648K
  class space    used 12914K, committed 14016K, reserved 1048576K
}
Event: 23.872 GC heap before
{Heap before GC invocations=34 (full 0):
 garbage-first heap   total 167936K, used 147437K [0x0000000080000000, 0x0000000100000000)
  region size 1024K, 54 young (55296K), 6 survivors (6144K)
 Metaspace       used 94056K, committed 96320K, reserved 1179648K
  class space    used 13278K, committed 14400K, reserved 1048576K
}
Event: 23.882 GC heap after
{Heap after GC invocations=35 (full 0):
 garbage-first heap   total 167936K, used 103990K [0x0000000080000000, 0x0000000100000000)
  region size 1024K, 7 young (7168K), 7 survivors (7168K)
 Metaspace       used 94056K, committed 96320K, reserved 1179648K
  class space    used 13278K, committed 14400K, reserved 1048576K
}
Event: 25.747 GC heap before
{Heap before GC invocations=35 (full 0):
 garbage-first heap   total 167936K, used 159286K [0x0000000080000000, 0x0000000100000000)
  region size 1024K, 56 young (57344K), 7 survivors (7168K)
 Metaspace       used 97475K, committed 99776K, reserved 1179648K
  class space    used 13632K, committed 14784K, reserved 1048576K
}
Event: 25.757 GC heap after
{Heap after GC invocations=36 (full 0):
 garbage-first heap   total 173056K, used 107520K [0x0000000080000000, 0x0000000100000000)
  region size 1024K, 4 young (4096K), 4 survivors (4096K)
 Metaspace       used 97475K, committed 99776K, reserved 1179648K
  class space    used 13632K, committed 14784K, reserved 1048576K
}
Event: 26.621 GC heap before
{Heap before GC invocations=36 (full 0):
 garbage-first heap   total 173056K, used 159744K [0x0000000080000000, 0x0000000100000000)
  region size 1024K, 55 young (56320K), 4 survivors (4096K)
 Metaspace       used 100036K, committed 102336K, reserved 1179648K
  class space    used 14011K, committed 15168K, reserved 1048576K
}
Event: 26.628 GC heap after
{Heap after GC invocations=37 (full 0):
 garbage-first heap   total 173056K, used 111947K [0x0000000080000000, 0x0000000100000000)
  region size 1024K, 7 young (7168K), 7 survivors (7168K)
 Metaspace       used 100036K, committed 102336K, reserved 1179648K
  class space    used 14011K, committed 15168K, reserved 1048576K
}
Event: 27.704 GC heap before
{Heap before GC invocations=38 (full 0):
 garbage-first heap   total 188416K, used 160075K [0x0000000080000000, 0x0000000100000000)
  region size 1024K, 54 young (55296K), 7 survivors (7168K)
 Metaspace       used 103822K, committed 106112K, reserved 1179648K
  class space    used 14528K, committed 15680K, reserved 1048576K
}
Event: 27.715 GC heap after
{Heap after GC invocations=39 (full 0):
 garbage-first heap   total 188416K, used 115635K [0x0000000080000000, 0x0000000100000000)
  region size 1024K, 3 young (3072K), 3 survivors (3072K)
 Metaspace       used 103822K, committed 106112K, reserved 1179648K
  class space    used 14528K, committed 15680K, reserved 1048576K
}
Event: 28.387 GC heap before
{Heap before GC invocations=39 (full 0):
 garbage-first heap   total 188416K, used 174003K [0x0000000080000000, 0x0000000100000000)
  region size 1024K, 61 young (62464K), 3 survivors (3072K)
 Metaspace       used 108364K, committed 110656K, reserved 1179648K
  class space    used 14956K, committed 16128K, reserved 1048576K
}
Event: 28.393 GC heap after
{Heap after GC invocations=40 (full 0):
 garbage-first heap   total 188416K, used 116685K [0x0000000080000000, 0x0000000100000000)
  region size 1024K, 5 young (5120K), 5 survivors (5120K)
 Metaspace       used 108364K, committed 110656K, reserved 1179648K
  class space    used 14956K, committed 16128K, reserved 1048576K
}

